#
# A fatal error has been detected by the Java Runtime Environment:
#
#  SIGSEGV (0xb) at pc=0x00007f866d069a7a, pid=2261, tid=0x00007f86326d9700
#
# JRE version: Java(TM) SE Runtime Environment (8.0_131-b11) (build 1.8.0_131-b11)
# Java VM: Java HotSpot(TM) 64-Bit Server VM (25.131-b11 mixed mode linux-amd64 compressed oops)
# Problematic frame:
# v  ~BufferBlob::jni_fast_GetLongField
#
# Failed to write core dump. Core dumps have been disabled. To enable core dumping, try "ulimit -c unlimited" before starting Java again
#
# If you would like to submit a bug report, please visit:
#   http://bugreport.java.com/bugreport/crash.jsp
# The crash happened outside the Java Virtual Machine in native code.
# See problematic frame for where to report the bug.
#

---------------  T H R E A D  ---------------

Current thread (0x00007f867c1c2800):  JavaThread "AWT-XAWT" daemon [_thread_in_native, id=2282, stack(0x00007f86325d9000,0x00007f86326da000)]

siginfo: si_signo: 11 (SIGSEGV), si_code: 1 (SEGV_MAPERR), si_addr: 0x0000000000000000

Registers:
RAX=0x00007f8682e38240, RBX=0x00007f867c1c29f8, RCX=0x00007f868389f2c0, RDX=0x0000000000000042
RSP=0x00007f86326d86b8, RBP=0x00007f86326d86e0, RSI=0x0000000000000000, RDI=0x00007f867c1c29f8
R8 =0x00000000ec73bf60, R9 =0x0000000000000000, R10=0x00000000000000f8, R11=0x00007f866d2667d8
R12=0x00007f862000aeb0, R13=0x0000000000000000, R14=0x00007f86684bb7e0, R15=0x00007f867c1c2800
RIP=0x00007f866d069a7a, EFLAGS=0x0000000000010246, CSGSFS=0x002b000000000033, ERR=0x0000000000000004
  TRAPNO=0x000000000000000e

Top of Stack: (sp=0x00007f86326d86b8)
0x00007f86326d86b8:   00007f8668299ee1 00007f866abf46e0
0x00007f86326d86c8:   00007f862000aeb0 00007f86326d8790
0x00007f86326d86d8:   00007f86326d8760 0000000000000000
0x00007f86326d86e8:   00007f8633d2a3c0 00007f866abf46e0
0x00007f86326d86f8:   00007f86326d8720 0000000000000000
0x00007f86326d8708:   00007f8633d21f93 00007f86326d8790
0x00007f86326d8718:   00007f866829311f 00007f86326d8770
0x00007f86326d8728:   00007f866d266876 0000000000000000
0x00007f86326d8738:   00007f866d207176 00007f86326d8790
0x00007f86326d8748:   00007f866d165b2c 00007f86326d87f0
0x00007f86326d8758:   00000000ec80cba8 00000000c2401d70
0x00007f86326d8768:   0000000000000009 00007f86326d87f0
0x00007f86326d8778:   00007f866d007a90 00007f86326d87f0
0x00007f86326d8788:   00007f866d007a90 0000000000000000
0x00007f86326d8798:   00007f866d007dd0 00007f8624002e20
0x00007f86326d87a8:   00000000ec760498 00007f86326d87b0
0x00007f86326d87b8:   00007f866abd478c 00007f86326d8838
0x00007f86326d87c8:   00007f866abdd750 0000000000000000
0x00007f86326d87d8:   00007f866abd48c8 00007f86326d8790
0x00007f86326d87e8:   00007f86326d8830 00007f86326d8880
0x00007f86326d87f8:   00007f866d0082bd 0000000000000000
0x00007f86326d8808:   00000000eba3aab0 0000000000000000
0x00007f86326d8818:   0000000000000000 0000000000000000
0x00007f86326d8828:   00000000ec760498 0000000000000000
0x00007f86326d8838:   00000000ec7740a0 00007f86326d8840
0x00007f86326d8848:   00007f866abd45cd 00007f86326d8890
0x00007f86326d8858:   00007f866abdd750 0000000000000000
0x00007f86326d8868:   00007f866abd45d8 00007f86326d8830
0x00007f86326d8878:   00007f86326d8890 00007f86326d88d8
0x00007f86326d8888:   00007f866d008302 00000000ec7740a0
0x00007f86326d8898:   00007f86326d8898 00007f866a75f99b
0x00007f86326d88a8:   00007f86326d88e8 00007f866a7e7080 

Instructions: (pc=0x00007f866d069a7a)
0x00007f866d069a5a:   00 00 00 00 00 00 44 8b 15 61 e2 e0 15 4c 8b ce
0x00007f866d069a6a:   41 f6 c2 01 0f 85 2e 00 00 00 4d 33 ca 4d 33 ca
0x00007f866d069a7a:   4d 8b 09 4c 8b da 49 c1 eb 02 4b 8b 04 19 49 bb
0x00007f866d069a8a:   c8 7c e7 82 86 7f 00 00 4c 33 d8 4c 33 d8 45 3b 

Register to memory mapping:

RAX=0x00007f8682e38240: <offset 0xf87240> in /usr/jdk1.8.0_131/jre/lib/amd64/server/libjvm.so at 0x00007f8681eb1000
RBX=0x00007f867c1c29f8 is an unknown value
RCX=0x00007f868389f2c0: <offset 0x2182c0> in /lib/x86_64-linux-gnu/libpthread.so.0 at 0x00007f8683687000
RDX=0x0000000000000042 is an unknown value
RSP=0x00007f86326d86b8 is pointing into the stack for thread: 0x00007f867c1c2800
RBP=0x00007f86326d86e0 is pointing into the stack for thread: 0x00007f867c1c2800
RSI=0x0000000000000000 is an unknown value
RDI=0x00007f867c1c29f8 is an unknown value
R8 =0x00000000ec73bf60 is an oop
sun.util.logging.PlatformLogger$Level 
 - klass: 'sun/util/logging/PlatformLogger$Level'
R9 =0x0000000000000000 is an unknown value
R10=0x00000000000000f8 is an unknown value
R11=0x00007f866d2667d8 is at entry_point+24 in (nmethod*)0x00007f866d266650
R12=0x00007f862000aeb0 is an unknown value
R13=0x0000000000000000 is an unknown value
R14=0x00007f86684bb7e0: <offset 0x2587e0> in /usr/jdk1.8.0_131/jre/lib/amd64/libawt_xawt.so at 0x00007f8668263000
R15=0x00007f867c1c2800 is a thread


Stack: [0x00007f86325d9000,0x00007f86326da000],  sp=0x00007f86326d86b8,  free space=1021k
Native frames: (J=compiled Java code, j=interpreted, Vv=VM code, C=native code)
v  ~BufferBlob::jni_fast_GetLongField
C  [libX11.so.6+0x643c0]  _XimServerDestroy+0x70

Java frames: (J=compiled Java code, j=interpreted, Vv=VM code)
J 670  sun.awt.X11.XlibWrapper.XFilterEvent(JJ)Z (0 bytes) @ 0x00007f866d266804 [0x00007f866d2667c0+0x44]
j  sun.awt.X11.XToolkit.run(Z)V+300
j  sun.awt.X11.XToolkit.run()V+5
j  java.lang.Thread.run()V+11
v  ~StubRoutines::call_stub

---------------  P R O C E S S  ---------------

Java Threads: ( => current thread )
  0x00007f867c009800 JavaThread "DestroyJavaVM" [_thread_blocked, id=2263, stack(0x00007f86839ac000,0x00007f8683aad000)]
  0x00007f867c36e800 JavaThread "Shell for localhost" [_thread_in_native, id=2340, stack(0x00007f8630de3000,0x00007f8630ee4000)]
  0x00007f867c368000 JavaThread "Connect thread localhost session" [_thread_in_native, id=2292, stack(0x00007f8630ee4000,0x00007f8630fe5000)]
  0x00007f867c269000 JavaThread "TimerQueue" daemon [_thread_blocked, id=2286, stack(0x00007f863162c000,0x00007f863172d000)]
=>0x00007f867c1c2800 JavaThread "AWT-XAWT" daemon [_thread_in_native, id=2282, stack(0x00007f86325d9000,0x00007f86326da000)]
  0x00007f867c1a1800 JavaThread "Java2D Disposer" daemon [_thread_blocked, id=2281, stack(0x00007f8632aea000,0x00007f8632beb000)]
  0x00007f867c0c0800 JavaThread "Service Thread" daemon [_thread_blocked, id=2279, stack(0x00007f866888f000,0x00007f8668990000)]
  0x00007f867c0bd800 JavaThread "C1 CompilerThread2" daemon [_thread_blocked, id=2278, stack(0x00007f8668990000,0x00007f8668a91000)]
  0x00007f867c0bc000 JavaThread "C2 CompilerThread1" daemon [_thread_blocked, id=2277, stack(0x00007f8668a91000,0x00007f8668b92000)]
  0x00007f867c0b9000 JavaThread "C2 CompilerThread0" daemon [_thread_blocked, id=2276, stack(0x00007f8668b92000,0x00007f8668c93000)]
  0x00007f867c0b7800 JavaThread "Signal Dispatcher" daemon [_thread_blocked, id=2275, stack(0x00007f8668c93000,0x00007f8668d94000)]
  0x00007f867c083800 JavaThread "Finalizer" daemon [_thread_blocked, id=2272, stack(0x00007f866921f000,0x00007f8669320000)]
  0x00007f867c07f000 JavaThread "Reference Handler" daemon [_thread_blocked, id=2269, stack(0x00007f8669320000,0x00007f8669421000)]

Other Threads:
  0x00007f867c077800 VMThread [stack: 0x00007f8669421000,0x00007f8669522000] [id=2268]
  0x00007f867c0c3800 WatcherThread [stack: 0x00007f866878e000,0x00007f866888f000] [id=2280]

VM state:not at safepoint (normal execution)

VM Mutex/Monitor currently owned by a thread: None

Heap:
 PSYoungGen      total 18432K, used 7901K [0x00000000eb700000, 0x00000000ecb80000, 0x0000000100000000)
  eden space 15872K, 33% used [0x00000000eb700000,0x00000000ebc39720,0x00000000ec680000)
  from space 2560K, 99% used [0x00000000ec680000,0x00000000ec8fe050,0x00000000ec900000)
  to   space 2560K, 0% used [0x00000000ec900000,0x00000000ec900000,0x00000000ecb80000)
 ParOldGen       total 42496K, used 1858K [0x00000000c2400000, 0x00000000c4d80000, 0x00000000eb700000)
  object space 42496K, 4% used [0x00000000c2400000,0x00000000c25d0ad8,0x00000000c4d80000)
 Metaspace       used 15402K, capacity 15670K, committed 15744K, reserved 1062912K
  class space    used 1813K, capacity 1914K, committed 1920K, reserved 1048576K

Card table byte_map: [0x00007f868055c000,0x00007f868074b000] byte_map_base: 0x00007f867ff4a000

Marking Bits: (ParMarkBitMap*) 0x00007f8682e76f60
 Begin Bits: [0x00007f866b120000, 0x00007f866c090000)
 End Bits:   [0x00007f866c090000, 0x00007f866d000000)

Polling page: 0x00007f8683ac6000

CodeCache: size=245760Kb used=4002Kb max_used=4013Kb free=241757Kb
 bounds [0x00007f866d000000, 0x00007f866d3f0000, 0x00007f867c000000]
 total_blobs=1789 nmethods=1208 adapters=494
 compilation: enabled

Compilation events (10 events):
Event: 379.735 Thread 0x00007f867c0bd800 1231       1       java.util.Vector::elementData (7 bytes)
Event: 379.735 Thread 0x00007f867c0bd800 nmethod 1231 0x00007f866d3e2b10 code [0x00007f866d3e2c60, 0x00007f866d3e2d90]
Event: 379.735 Thread 0x00007f867c0bd800 1230       3       java.awt.EventQueue::uncacheEQItem (53 bytes)
Event: 379.736 Thread 0x00007f867c0bd800 nmethod 1230 0x00007f866d3e2090 code [0x00007f866d3e2240, 0x00007f866d3e2908]
Event: 380.141 Thread 0x00007f867c0bd800 1232       3       sun.awt.XSettings$Update::needBytes (65 bytes)
Event: 380.142 Thread 0x00007f867c0bd800 nmethod 1232 0x00007f866d3e9dd0 code [0x00007f866d3ea020, 0x00007f866d3eacd8]
Event: 381.142 Thread 0x00007f867c0bd800 1233       3       java.util.HashMap::remove (26 bytes)
Event: 381.143 Thread 0x00007f867c0bd800 nmethod 1233 0x00007f866d3e1990 code [0x00007f866d3e1b20, 0x00007f866d3e1f38]
Event: 586.875 Thread 0x00007f867c0b9000 1234       4       sun.awt.X11.XToolkit::getDisplay (20 bytes)
Event: 586.876 Thread 0x00007f867c0b9000 nmethod 1234 0x00007f866d16e410 code [0x00007f866d16e540, 0x00007f866d16e598]

GC Heap History (2 events):
Event: 7.125 GC heap before
{Heap before GC invocations=1 (full 0):
 PSYoungGen      total 18432K, used 15872K [0x00000000eb700000, 0x00000000ecb80000, 0x0000000100000000)
  eden space 15872K, 100% used [0x00000000eb700000,0x00000000ec680000,0x00000000ec680000)
  from space 2560K, 0% used [0x00000000ec900000,0x00000000ec900000,0x00000000ecb80000)
  to   space 2560K, 0% used [0x00000000ec680000,0x00000000ec680000,0x00000000ec900000)
 ParOldGen       total 42496K, used 0K [0x00000000c2400000, 0x00000000c4d80000, 0x00000000eb700000)
  object space 42496K, 0% used [0x00000000c2400000,0x00000000c2400000,0x00000000c4d80000)
 Metaspace       used 14611K, capacity 14864K, committed 15232K, reserved 1062912K
  class space    used 1723K, capacity 1817K, committed 1920K, reserved 1048576K
Event: 7.132 GC heap after
Heap after GC invocations=1 (full 0):
 PSYoungGen      total 18432K, used 2552K [0x00000000eb700000, 0x00000000ecb80000, 0x0000000100000000)
  eden space 15872K, 0% used [0x00000000eb700000,0x00000000eb700000,0x00000000ec680000)
  from space 2560K, 99% used [0x00000000ec680000,0x00000000ec8fe050,0x00000000ec900000)
  to   space 2560K, 0% used [0x00000000ec900000,0x00000000ec900000,0x00000000ecb80000)
 ParOldGen       total 42496K, used 1858K [0x00000000c2400000, 0x00000000c4d80000, 0x00000000eb700000)
  object space 42496K, 4% used [0x00000000c2400000,0x00000000c25d0ad8,0x00000000c4d80000)
 Metaspace       used 14611K, capacity 14864K, committed 15232K, reserved 1062912K
  class space    used 1723K, capacity 1817K, committed 1920K, reserved 1048576K
}

Deoptimization events (5 events):
Event: 4.327 Thread 0x00007f867c22d800 Uncommon trap: reason=class_check action=maybe_recompile pc=0x00007f866d160af0 method=java.lang.String.equals(Ljava/lang/Object;)Z @ 8
Event: 4.327 Thread 0x00007f867c22d800 Uncommon trap: reason=class_check action=maybe_recompile pc=0x00007f866d160af0 method=java.lang.String.equals(Ljava/lang/Object;)Z @ 8
Event: 4.327 Thread 0x00007f867c22d800 Uncommon trap: reason=class_check action=maybe_recompile pc=0x00007f866d160af0 method=java.lang.String.equals(Ljava/lang/Object;)Z @ 8
Event: 6.270 Thread 0x00007f867c22d800 Uncommon trap: reason=class_check action=maybe_recompile pc=0x00007f866d160af0 method=java.lang.String.equals(Ljava/lang/Object;)Z @ 8
Event: 7.097 Thread 0x00007f867c009800 Uncommon trap: reason=unstable_if action=reinterpret pc=0x00007f866d1b1554 method=java.lang.String.<init>([CII)V @ 18

Internal exceptions (10 events):
Event: 0.146 Thread 0x00007f867c009800 Exception <a 'java/security/PrivilegedActionException'> (0x00000000eb802b60) thrown at [/HUDSON/workspace/8-2-build-linux-amd64/jdk8u131/8869/hotspot/src/share/vm/prims/jvm.cpp, line 1390]
Event: 0.147 Thread 0x00007f867c009800 Exception <a 'java/security/PrivilegedActionException'> (0x00000000eb804c40) thrown at [/HUDSON/workspace/8-2-build-linux-amd64/jdk8u131/8869/hotspot/src/share/vm/prims/jvm.cpp, line 1390]
Event: 0.147 Thread 0x00007f867c009800 Exception <a 'java/security/PrivilegedActionException'> (0x00000000eb804e50) thrown at [/HUDSON/workspace/8-2-build-linux-amd64/jdk8u131/8869/hotspot/src/share/vm/prims/jvm.cpp, line 1390]
Event: 0.243 Thread 0x00007f867c009800 Exception <a 'java/lang/NoSuchFieldError': method resolution failed> (0x00000000eb8d0dd0) thrown at [/HUDSON/workspace/8-2-build-linux-amd64/jdk8u131/8869/hotspot/src/share/vm/prims/methodHandles.cpp, line 1146]
Event: 0.249 Thread 0x00007f867c009800 Exception <a 'java/lang/NoSuchFieldError': method resolution failed> (0x00000000eb8de5b8) thrown at [/HUDSON/workspace/8-2-build-linux-amd64/jdk8u131/8869/hotspot/src/share/vm/prims/methodHandles.cpp, line 1146]
Event: 0.281 Thread 0x00007f867c009800 Exception <a 'java/io/FileNotFoundException'> (0x00000000eb95df88) thrown at [/HUDSON/workspace/8-2-build-linux-amd64/jdk8u131/8869/hotspot/src/share/vm/prims/jni.cpp, line 709]
Event: 0.281 Thread 0x00007f867c009800 Exception <a 'java/io/FileNotFoundException'> (0x00000000eb95e8f0) thrown at [/HUDSON/workspace/8-2-build-linux-amd64/jdk8u131/8869/hotspot/src/share/vm/prims/jni.cpp, line 709]
Event: 1.209 Thread 0x00007f867c22d800 Exception <a 'java/lang/UnsupportedOperationException': > (0x00000000ebbc4588) thrown at [/HUDSON/workspace/8-2-build-linux-amd64/jdk8u131/8869/hotspot/src/share/vm/prims/jni.cpp, line 735]
Event: 4.481 Thread 0x00007f867c22d800 Exception <a 'java/lang/UnsupportedOperationException': > (0x00000000ebd47d10) thrown at [/HUDSON/workspace/8-2-build-linux-amd64/jdk8u131/8869/hotspot/src/share/vm/prims/jni.cpp, line 735]
Event: 7.297 Thread 0x00007f867c22d800 Exception <a 'java/lang/UnsupportedOperationException': > (0x00000000eba91650) thrown at [/HUDSON/workspace/8-2-build-linux-amd64/jdk8u131/8869/hotspot/src/share/vm/prims/jni.cpp, line 735]

Events (10 events):
Event: 379.730 Thread 0x00007f862400b800 Thread added: 0x00007f862400b800
Event: 379.731 Thread 0x00007f862400c000 Thread added: 0x00007f862400c000
Event: 379.731 loading class javax/swing/RepaintManager$DisplayChangedRunnable
Event: 379.732 loading class javax/swing/RepaintManager$DisplayChangedRunnable done
Event: 380.140 loading class sun/awt/X11/XAWTXSettings$1
Event: 380.141 loading class sun/awt/X11/XAWTXSettings$1 done
Event: 381.142 Thread 0x00007f862400c000 Thread exited: 0x00007f862400c000
Event: 381.142 Executing VM operation: RevokeBias
Event: 381.143 Executing VM operation: RevokeBias done
Event: 381.143 Thread 0x00007f862400b800 Thread exited: 0x00007f862400b800


Dynamic libraries:
00400000-00401000 r-xp 00000000 08:01 1325352                            /usr/jdk1.8.0_131/bin/java
00600000-00601000 rw-p 00000000 08:01 1325352                            /usr/jdk1.8.0_131/bin/java
00763000-00784000 rw-p 00000000 00:00 0                                  [heap]
c2400000-c4d80000 rw-p 00000000 00:00 0 
c4d80000-eb700000 ---p 00000000 00:00 0 
eb700000-ecb80000 rw-p 00000000 00:00 0 
ecb80000-100000000 ---p 00000000 00:00 0 
100000000-1001e0000 rw-p 00000000 00:00 0 
1001e0000-140000000 ---p 00000000 00:00 0 
7f860c000000-7f860c021000 rw-p 00000000 00:00 0 
7f860c021000-7f8610000000 ---p 00000000 00:00 0 
7f8614000000-7f861428d000 rw-p 00000000 00:00 0 
7f861428d000-7f8618000000 ---p 00000000 00:00 0 
7f8618000000-7f8618021000 rw-p 00000000 00:00 0 
7f8618021000-7f861c000000 ---p 00000000 00:00 0 
7f861c000000-7f861c021000 rw-p 00000000 00:00 0 
7f861c021000-7f8620000000 ---p 00000000 00:00 0 
7f8620000000-7f862029c000 rw-p 00000000 00:00 0 
7f862029c000-7f8624000000 ---p 00000000 00:00 0 
7f8624000000-7f862402f000 rw-p 00000000 00:00 0 
7f862402f000-7f8628000000 ---p 00000000 00:00 0 
7f8628000000-7f8628024000 rw-p 00000000 00:00 0 
7f8628024000-7f862c000000 ---p 00000000 00:00 0 
7f862c000000-7f862c021000 rw-p 00000000 00:00 0 
7f862c021000-7f8630000000 ---p 00000000 00:00 0 
7f8630de3000-7f8630de6000 ---p 00000000 00:00 0 
7f8630de6000-7f8630ee4000 rw-p 00000000 00:00 0 
7f8630ee4000-7f8630ee7000 ---p 00000000 00:00 0 
7f8630ee7000-7f8630fe5000 rw-p 00000000 00:00 0 
7f8630fe5000-7f8631017000 r-xp 00000000 08:01 1452571                    /usr/jdk1.8.0_131/jre/lib/amd64/libsunec.so
7f8631017000-7f8631216000 ---p 00032000 08:01 1452571                    /usr/jdk1.8.0_131/jre/lib/amd64/libsunec.so
7f8631216000-7f863121c000 rw-p 00031000 08:01 1452571                    /usr/jdk1.8.0_131/jre/lib/amd64/libsunec.so
7f863121c000-7f86313ac000 rw-p 00000000 00:00 0 
7f86313ac000-7f863142c000 ---p 00000000 00:00 0 
7f863142c000-7f863162c000 rw-p 00000000 00:00 0 
7f863162c000-7f863162f000 ---p 00000000 00:00 0 
7f863162f000-7f863192d000 rw-p 00000000 00:00 0 
7f863192d000-7f8631930000 ---p 00000000 00:00 0 
7f8631930000-7f8631a2e000 rw-p 00000000 00:00 0 
7f8631a2e000-7f8631a31000 ---p 00000000 00:00 0 
7f8631a31000-7f8631b2f000 rw-p 00000000 00:00 0 
7f8631b2f000-7f8631b98000 r-xp 00000000 08:01 1452582                    /usr/jdk1.8.0_131/jre/lib/amd64/libt2k.so
7f8631b98000-7f8631d98000 ---p 00069000 08:01 1452582                    /usr/jdk1.8.0_131/jre/lib/amd64/libt2k.so
7f8631d98000-7f8631d9f000 rw-p 00069000 08:01 1452582                    /usr/jdk1.8.0_131/jre/lib/amd64/libt2k.so
7f8631d9f000-7f8631daf000 rw-p 00000000 00:00 0 
7f8631daf000-7f8631dc0000 r-xp 00000000 08:01 1452618                    /usr/jdk1.8.0_131/jre/lib/amd64/libnio.so
7f8631dc0000-7f8631fbf000 ---p 00011000 08:01 1452618                    /usr/jdk1.8.0_131/jre/lib/amd64/libnio.so
7f8631fbf000-7f8631fc0000 rw-p 00010000 08:01 1452618                    /usr/jdk1.8.0_131/jre/lib/amd64/libnio.so
7f8631fc0000-7f86322c1000 rw-p 00000000 00:00 0 
7f86322c1000-7f86322d7000 r-xp 00000000 08:01 1452615                    /usr/jdk1.8.0_131/jre/lib/amd64/libnet.so
7f86322d7000-7f86324d7000 ---p 00016000 08:01 1452615                    /usr/jdk1.8.0_131/jre/lib/amd64/libnet.so
7f86324d7000-7f86324d8000 rw-p 00016000 08:01 1452615                    /usr/jdk1.8.0_131/jre/lib/amd64/libnet.so
7f86324d8000-7f86324db000 ---p 00000000 00:00 0 
7f86324db000-7f86325d9000 rw-p 00000000 00:00 0 
7f86325d9000-7f86325dc000 ---p 00000000 00:00 0 
7f86325dc000-7f86326da000 rw-p 00000000 00:00 0 
7f86326da000-7f86326df000 r-xp 00000000 08:01 1321128                    /usr/lib/x86_64-linux-gnu/libXfixes.so.3.1.0
7f86326df000-7f86328de000 ---p 00005000 08:01 1321128                    /usr/lib/x86_64-linux-gnu/libXfixes.so.3.1.0
7f86328de000-7f86328df000 r--p 00004000 08:01 1321128                    /usr/lib/x86_64-linux-gnu/libXfixes.so.3.1.0
7f86328df000-7f86328e0000 rw-p 00005000 08:01 1321128                    /usr/lib/x86_64-linux-gnu/libXfixes.so.3.1.0
7f86328e0000-7f86328e9000 r-xp 00000000 08:01 1321120                    /usr/lib/x86_64-linux-gnu/libXcursor.so.1.0.2
7f86328e9000-7f8632ae8000 ---p 00009000 08:01 1321120                    /usr/lib/x86_64-linux-gnu/libXcursor.so.1.0.2
7f8632ae8000-7f8632ae9000 r--p 00008000 08:01 1321120                    /usr/lib/x86_64-linux-gnu/libXcursor.so.1.0.2
7f8632ae9000-7f8632aea000 rw-p 00009000 08:01 1321120                    /usr/lib/x86_64-linux-gnu/libXcursor.so.1.0.2
7f8632aea000-7f8632aed000 ---p 00000000 00:00 0 
7f8632aed000-7f8632beb000 rw-p 00000000 00:00 0 
7f8632beb000-7f8632c01000 r-xp 00000000 08:01 267547                     /lib/x86_64-linux-gnu/libgcc_s.so.1
7f8632c01000-7f8632e00000 ---p 00016000 08:01 267547                     /lib/x86_64-linux-gnu/libgcc_s.so.1
7f8632e00000-7f8632e01000 rw-p 00015000 08:01 267547                     /lib/x86_64-linux-gnu/libgcc_s.so.1
7f8632e01000-7f8632e66000 r-xp 00000000 08:01 1452596                    /usr/jdk1.8.0_131/jre/lib/amd64/libfontmanager.so
7f8632e66000-7f8633065000 ---p 00065000 08:01 1452596                    /usr/jdk1.8.0_131/jre/lib/amd64/libfontmanager.so
7f8633065000-7f863306a000 rw-p 00064000 08:01 1452596                    /usr/jdk1.8.0_131/jre/lib/amd64/libfontmanager.so
7f863306a000-7f863307a000 rw-p 00000000 00:00 0 
7f863307a000-7f863307f000 r-xp 00000000 08:01 1321124                    /usr/lib/x86_64-linux-gnu/libXdmcp.so.6.0.0
7f863307f000-7f863327e000 ---p 00005000 08:01 1321124                    /usr/lib/x86_64-linux-gnu/libXdmcp.so.6.0.0
7f863327e000-7f863327f000 r--p 00004000 08:01 1321124                    /usr/lib/x86_64-linux-gnu/libXdmcp.so.6.0.0
7f863327f000-7f8633280000 rw-p 00005000 08:01 1321124                    /usr/lib/x86_64-linux-gnu/libXdmcp.so.6.0.0
7f8633280000-7f8633282000 r-xp 00000000 08:01 1321113                    /usr/lib/x86_64-linux-gnu/libXau.so.6.0.0
7f8633282000-7f8633482000 ---p 00002000 08:01 1321113                    /usr/lib/x86_64-linux-gnu/libXau.so.6.0.0
7f8633482000-7f8633483000 r--p 00002000 08:01 1321113                    /usr/lib/x86_64-linux-gnu/libXau.so.6.0.0
7f8633483000-7f8633484000 rw-p 00003000 08:01 1321113                    /usr/lib/x86_64-linux-gnu/libXau.so.6.0.0
7f8633484000-7f86334a5000 r-xp 00000000 08:01 1322522                    /usr/lib/x86_64-linux-gnu/libxcb.so.1.1.0
7f86334a5000-7f86336a4000 ---p 00021000 08:01 1322522                    /usr/lib/x86_64-linux-gnu/libxcb.so.1.1.0
7f86336a4000-7f86336a5000 r--p 00020000 08:01 1322522                    /usr/lib/x86_64-linux-gnu/libxcb.so.1.1.0
7f86336a5000-7f86336a6000 rw-p 00021000 08:01 1322522                    /usr/lib/x86_64-linux-gnu/libxcb.so.1.1.0
7f86336a6000-7f86336b5000 r-xp 00000000 08:01 1321134                    /usr/lib/x86_64-linux-gnu/libXi.so.6.1.0
7f86336b5000-7f86338b4000 ---p 0000f000 08:01 1321134                    /usr/lib/x86_64-linux-gnu/libXi.so.6.1.0
7f86338b4000-7f86338b5000 r--p 0000e000 08:01 1321134                    /usr/lib/x86_64-linux-gnu/libXi.so.6.1.0
7f86338b5000-7f86338b6000 rw-p 0000f000 08:01 1321134                    /usr/lib/x86_64-linux-gnu/libXi.so.6.1.0
7f86338b6000-7f86338bb000 r-xp 00000000 08:01 1321152                    /usr/lib/x86_64-linux-gnu/libXtst.so.6.1.0
7f86338bb000-7f8633aba000 ---p 00005000 08:01 1321152                    /usr/lib/x86_64-linux-gnu/libXtst.so.6.1.0
7f8633aba000-7f8633abb000 r--p 00004000 08:01 1321152                    /usr/lib/x86_64-linux-gnu/libXtst.so.6.1.0
7f8633abb000-7f8633abc000 rw-p 00005000 08:01 1321152                    /usr/lib/x86_64-linux-gnu/libXtst.so.6.1.0
7f8633abc000-7f8633ac5000 r-xp 00000000 08:01 1321146                    /usr/lib/x86_64-linux-gnu/libXrender.so.1.3.0
7f8633ac5000-7f8633cc4000 ---p 00009000 08:01 1321146                    /usr/lib/x86_64-linux-gnu/libXrender.so.1.3.0
7f8633cc4000-7f8633cc5000 r--p 00008000 08:01 1321146                    /usr/lib/x86_64-linux-gnu/libXrender.so.1.3.0
7f8633cc5000-7f8633cc6000 rw-p 00009000 08:01 1321146                    /usr/lib/x86_64-linux-gnu/libXrender.so.1.3.0
7f8633cc6000-7f8633dfb000 r-xp 00000000 08:01 1321109                    /usr/lib/x86_64-linux-gnu/libX11.so.6.3.0
7f8633dfb000-7f8633ffb000 ---p 00135000 08:01 1321109                    /usr/lib/x86_64-linux-gnu/libX11.so.6.3.0
7f8633ffb000-7f8633ffc000 r--p 00135000 08:01 1321109                    /usr/lib/x86_64-linux-gnu/libX11.so.6.3.0
7f8633ffc000-7f8634000000 rw-p 00136000 08:01 1321109                    /usr/lib/x86_64-linux-gnu/libX11.so.6.3.0
7f8634000000-7f8634021000 rw-p 00000000 00:00 0 
7f8634021000-7f8638000000 ---p 00000000 00:00 0 
7f8638000000-7f8638021000 rw-p 00000000 00:00 0 
7f8638021000-7f863c000000 ---p 00000000 00:00 0 
7f863c000000-7f863c1e6000 rw-p 00000000 00:00 0 
7f863c1e6000-7f8640000000 ---p 00000000 00:00 0 
7f8640000000-7f864052d000 rw-p 00000000 00:00 0 
7f864052d000-7f8644000000 ---p 00000000 00:00 0 
7f8644000000-7f8644021000 rw-p 00000000 00:00 0 
7f8644021000-7f8648000000 ---p 00000000 00:00 0 
7f8648000000-7f8648196000 rw-p 00000000 00:00 0 
7f8648196000-7f864c000000 ---p 00000000 00:00 0 
7f864c000000-7f864c021000 rw-p 00000000 00:00 0 
7f864c021000-7f8650000000 ---p 00000000 00:00 0 
7f8650000000-7f8650021000 rw-p 00000000 00:00 0 
7f8650021000-7f8654000000 ---p 00000000 00:00 0 
7f8654000000-7f8654021000 rw-p 00000000 00:00 0 
7f8654021000-7f8658000000 ---p 00000000 00:00 0 
7f8658000000-7f8658021000 rw-p 00000000 00:00 0 
7f8658021000-7f865c000000 ---p 00000000 00:00 0 
7f865c000000-7f865c021000 rw-p 00000000 00:00 0 
7f865c021000-7f8660000000 ---p 00000000 00:00 0 
7f8660000000-7f8660021000 rw-p 00000000 00:00 0 
7f8660021000-7f8664000000 ---p 00000000 00:00 0 
7f8664000000-7f8664021000 rw-p 00000000 00:00 0 
7f8664021000-7f8668000000 ---p 00000000 00:00 0 
7f866803b000-7f866804c000 r-xp 00000000 08:01 1321126                    /usr/lib/x86_64-linux-gnu/libXext.so.6.4.0
7f866804c000-7f866824b000 ---p 00011000 08:01 1321126                    /usr/lib/x86_64-linux-gnu/libXext.so.6.4.0
7f866824b000-7f866824c000 r--p 00010000 08:01 1321126                    /usr/lib/x86_64-linux-gnu/libXext.so.6.4.0
7f866824c000-7f866824d000 rw-p 00011000 08:01 1321126                    /usr/lib/x86_64-linux-gnu/libXext.so.6.4.0
7f8668250000-7f8668263000 r--s 00345000 08:01 1452559                    /usr/jdk1.8.0_131/jre/lib/resources.jar
7f8668263000-7f86682b7000 r-xp 00000000 08:01 1452622                    /usr/jdk1.8.0_131/jre/lib/amd64/libawt_xawt.so
7f86682b7000-7f86684b7000 ---p 00054000 08:01 1452622                    /usr/jdk1.8.0_131/jre/lib/amd64/libawt_xawt.so
7f86684b7000-7f86684bb000 rw-p 00054000 08:01 1452622                    /usr/jdk1.8.0_131/jre/lib/amd64/libawt_xawt.so
7f86684bb000-7f86684bc000 rw-p 00000000 00:00 0 
7f86684bc000-7f866855e000 r-xp 00000000 08:01 1452608                    /usr/jdk1.8.0_131/jre/lib/amd64/libawt.so
7f866855e000-7f866875e000 ---p 000a2000 08:01 1452608                    /usr/jdk1.8.0_131/jre/lib/amd64/libawt.so
7f866875e000-7f866876a000 rw-p 000a2000 08:01 1452608                    /usr/jdk1.8.0_131/jre/lib/amd64/libawt.so
7f866876a000-7f866878e000 rw-p 00000000 00:00 0 
7f866878e000-7f866878f000 ---p 00000000 00:00 0 
7f866878f000-7f866888f000 rw-p 00000000 00:00 0 
7f866888f000-7f8668892000 ---p 00000000 00:00 0 
7f8668892000-7f8668990000 rw-p 00000000 00:00 0 
7f8668990000-7f8668993000 ---p 00000000 00:00 0 
7f8668993000-7f8668a91000 rw-p 00000000 00:00 0 
7f8668a91000-7f8668a94000 ---p 00000000 00:00 0 
7f8668a94000-7f8668b92000 rw-p 00000000 00:00 0 
7f8668b92000-7f8668b95000 ---p 00000000 00:00 0 
7f8668b95000-7f8668c93000 rw-p 00000000 00:00 0 
7f8668c93000-7f8668c96000 ---p 00000000 00:00 0 
7f8668c96000-7f8668d94000 rw-p 00000000 00:00 0 
7f8668d94000-7f866921f000 r--p 00000000 08:01 1311041                    /usr/lib/locale/locale-archive
7f866921f000-7f8669222000 ---p 00000000 00:00 0 
7f8669222000-7f8669320000 rw-p 00000000 00:00 0 
7f8669320000-7f8669323000 ---p 00000000 00:00 0 
7f8669323000-7f8669421000 rw-p 00000000 00:00 0 
7f8669421000-7f8669422000 ---p 00000000 00:00 0 
7f8669422000-7f866a4e3000 rw-p 00000000 00:00 0 
7f866a4e3000-7f866a6bc000 r--s 03d40000 08:01 1452550                    /usr/jdk1.8.0_131/jre/lib/rt.jar
7f866a6bc000-7f866d000000 rw-p 00000000 00:00 0 
7f866d000000-7f866d3f0000 rwxp 00000000 00:00 0 
7f866d3f0000-7f867c000000 ---p 00000000 00:00 0 
7f867c000000-7f867c3ca000 rw-p 00000000 00:00 0 
7f867c3ca000-7f8680000000 ---p 00000000 00:00 0 
7f8680008000-7f868000e000 r--s 0003f000 08:01 2122583                    /usr/jdk1.8.0_131/jre/lib/ext/sunjce_provider.jar
7f868000e000-7f868000f000 ---p 00000000 00:00 0 
7f868000f000-7f868010f000 rw-p 00000000 00:00 0 
7f868010f000-7f8680110000 ---p 00000000 00:00 0 
7f8680110000-7f8680210000 rw-p 00000000 00:00 0 
7f8680210000-7f8680211000 ---p 00000000 00:00 0 
7f8680211000-7f8680311000 rw-p 00000000 00:00 0 
7f8680311000-7f8680312000 ---p 00000000 00:00 0 
7f8680312000-7f8680427000 rw-p 00000000 00:00 0 
7f8680427000-7f868055c000 ---p 00000000 00:00 0 
7f868055c000-7f8680571000 rw-p 00000000 00:00 0 
7f8680571000-7f86806a5000 ---p 00000000 00:00 0 
7f86806a5000-7f86806b0000 rw-p 00000000 00:00 0 
7f86806b0000-7f868074a000 ---p 00000000 00:00 0 
7f868074a000-7f868075b000 rw-p 00000000 00:00 0 
7f868075b000-7f8680b0b000 ---p 00000000 00:00 0 
7f8680b0b000-7f8680b25000 r-xp 00000000 08:01 1452611                    /usr/jdk1.8.0_131/jre/lib/amd64/libzip.so
7f8680b25000-7f8680d25000 ---p 0001a000 08:01 1452611                    /usr/jdk1.8.0_131/jre/lib/amd64/libzip.so
7f8680d25000-7f8680d26000 rw-p 0001a000 08:01 1452611                    /usr/jdk1.8.0_131/jre/lib/amd64/libzip.so
7f8680d26000-7f8680d31000 r-xp 00000000 08:01 271189                     /lib/x86_64-linux-gnu/libnss_files-2.23.so
7f8680d31000-7f8680f30000 ---p 0000b000 08:01 271189                     /lib/x86_64-linux-gnu/libnss_files-2.23.so
7f8680f30000-7f8680f31000 r--p 0000a000 08:01 271189                     /lib/x86_64-linux-gnu/libnss_files-2.23.so
7f8680f31000-7f8680f32000 rw-p 0000b000 08:01 271189                     /lib/x86_64-linux-gnu/libnss_files-2.23.so
7f8680f32000-7f8680f38000 rw-p 00000000 00:00 0 
7f8680f38000-7f8680f43000 r-xp 00000000 08:01 271182                     /lib/x86_64-linux-gnu/libnss_nis-2.23.so
7f8680f43000-7f8681142000 ---p 0000b000 08:01 271182                     /lib/x86_64-linux-gnu/libnss_nis-2.23.so
7f8681142000-7f8681143000 r--p 0000a000 08:01 271182                     /lib/x86_64-linux-gnu/libnss_nis-2.23.so
7f8681143000-7f8681144000 rw-p 0000b000 08:01 271182                     /lib/x86_64-linux-gnu/libnss_nis-2.23.so
7f8681144000-7f868115a000 r-xp 00000000 08:01 271184                     /lib/x86_64-linux-gnu/libnsl-2.23.so
7f868115a000-7f8681359000 ---p 00016000 08:01 271184                     /lib/x86_64-linux-gnu/libnsl-2.23.so
7f8681359000-7f868135a000 r--p 00015000 08:01 271184                     /lib/x86_64-linux-gnu/libnsl-2.23.so
7f868135a000-7f868135b000 rw-p 00016000 08:01 271184                     /lib/x86_64-linux-gnu/libnsl-2.23.so
7f868135b000-7f868135d000 rw-p 00000000 00:00 0 
7f868135d000-7f8681365000 r-xp 00000000 08:01 271191                     /lib/x86_64-linux-gnu/libnss_compat-2.23.so
7f8681365000-7f8681564000 ---p 00008000 08:01 271191                     /lib/x86_64-linux-gnu/libnss_compat-2.23.so
7f8681564000-7f8681565000 r--p 00007000 08:01 271191                     /lib/x86_64-linux-gnu/libnss_compat-2.23.so
7f8681565000-7f8681566000 rw-p 00008000 08:01 271191                     /lib/x86_64-linux-gnu/libnss_compat-2.23.so
7f8681566000-7f8681591000 r-xp 00000000 08:01 1452605                    /usr/jdk1.8.0_131/jre/lib/amd64/libjava.so
7f8681591000-7f8681790000 ---p 0002b000 08:01 1452605                    /usr/jdk1.8.0_131/jre/lib/amd64/libjava.so
7f8681790000-7f8681792000 rw-p 0002a000 08:01 1452605                    /usr/jdk1.8.0_131/jre/lib/amd64/libjava.so
7f8681792000-7f868179f000 r-xp 00000000 08:01 1452610                    /usr/jdk1.8.0_131/jre/lib/amd64/libverify.so
7f868179f000-7f868199e000 ---p 0000d000 08:01 1452610                    /usr/jdk1.8.0_131/jre/lib/amd64/libverify.so
7f868199e000-7f86819a0000 rw-p 0000c000 08:01 1452610                    /usr/jdk1.8.0_131/jre/lib/amd64/libverify.so
7f86819a0000-7f86819a7000 r-xp 00000000 08:01 271192                     /lib/x86_64-linux-gnu/librt-2.23.so
7f86819a7000-7f8681ba6000 ---p 00007000 08:01 271192                     /lib/x86_64-linux-gnu/librt-2.23.so
7f8681ba6000-7f8681ba7000 r--p 00006000 08:01 271192                     /lib/x86_64-linux-gnu/librt-2.23.so
7f8681ba7000-7f8681ba8000 rw-p 00007000 08:01 271192                     /lib/x86_64-linux-gnu/librt-2.23.so
7f8681ba8000-7f8681cb0000 r-xp 00000000 08:01 271183                     /lib/x86_64-linux-gnu/libm-2.23.so
7f8681cb0000-7f8681eaf000 ---p 00108000 08:01 271183                     /lib/x86_64-linux-gnu/libm-2.23.so
7f8681eaf000-7f8681eb0000 r--p 00107000 08:01 271183                     /lib/x86_64-linux-gnu/libm-2.23.so
7f8681eb0000-7f8681eb1000 rw-p 00108000 08:01 271183                     /lib/x86_64-linux-gnu/libm-2.23.so
7f8681eb1000-7f8682b80000 r-xp 00000000 08:01 1714716                    /usr/jdk1.8.0_131/jre/lib/amd64/server/libjvm.so
7f8682b80000-7f8682d80000 ---p 00ccf000 08:01 1714716                    /usr/jdk1.8.0_131/jre/lib/amd64/server/libjvm.so
7f8682d80000-7f8682e59000 rw-p 00ccf000 08:01 1714716                    /usr/jdk1.8.0_131/jre/lib/amd64/server/libjvm.so
7f8682e59000-7f8682ea4000 rw-p 00000000 00:00 0 
7f8682ea4000-7f8683063000 r-xp 00000000 08:01 271185                     /lib/x86_64-linux-gnu/libc-2.23.so
7f8683063000-7f8683263000 ---p 001bf000 08:01 271185                     /lib/x86_64-linux-gnu/libc-2.23.so
7f8683263000-7f8683267000 r--p 001bf000 08:01 271185                     /lib/x86_64-linux-gnu/libc-2.23.so
7f8683267000-7f8683269000 rw-p 001c3000 08:01 271185                     /lib/x86_64-linux-gnu/libc-2.23.so
7f8683269000-7f868326d000 rw-p 00000000 00:00 0 
7f868326d000-7f8683270000 r-xp 00000000 08:01 271181                     /lib/x86_64-linux-gnu/libdl-2.23.so
7f8683270000-7f868346f000 ---p 00003000 08:01 271181                     /lib/x86_64-linux-gnu/libdl-2.23.so
7f868346f000-7f8683470000 r--p 00002000 08:01 271181                     /lib/x86_64-linux-gnu/libdl-2.23.so
7f8683470000-7f8683471000 rw-p 00003000 08:01 271181                     /lib/x86_64-linux-gnu/libdl-2.23.so
7f8683471000-7f8683486000 r-xp 00000000 08:01 1452412                    /usr/jdk1.8.0_131/lib/amd64/jli/libjli.so
7f8683486000-7f8683686000 ---p 00015000 08:01 1452412                    /usr/jdk1.8.0_131/lib/amd64/jli/libjli.so
7f8683686000-7f8683687000 rw-p 00015000 08:01 1452412                    /usr/jdk1.8.0_131/lib/amd64/jli/libjli.so
7f8683687000-7f868369f000 r-xp 00000000 08:01 271196                     /lib/x86_64-linux-gnu/libpthread-2.23.so
7f868369f000-7f868389e000 ---p 00018000 08:01 271196                     /lib/x86_64-linux-gnu/libpthread-2.23.so
7f868389e000-7f868389f000 r--p 00017000 08:01 271196                     /lib/x86_64-linux-gnu/libpthread-2.23.so
7f868389f000-7f86838a0000 rw-p 00018000 08:01 271196                     /lib/x86_64-linux-gnu/libpthread-2.23.so
7f86838a0000-7f86838a4000 rw-p 00000000 00:00 0 
7f86838a4000-7f86838ca000 r-xp 00000000 08:01 271186                     /lib/x86_64-linux-gnu/ld-2.23.so
7f86838cc000-7f86838d0000 r--s 0003a000 08:01 2122580                    /usr/jdk1.8.0_131/jre/lib/ext/sunpkcs11.jar
7f86838d0000-7f86838d3000 r--s 0001a000 08:01 1452631                    /usr/jdk1.8.0_131/jre/lib/jce.jar
7f86838d3000-7f86839ac000 rw-p 00000000 00:00 0 
7f86839ac000-7f86839af000 ---p 00000000 00:00 0 
7f86839af000-7f8683ab1000 rw-p 00000000 00:00 0 
7f8683ab1000-7f8683ab3000 r--s 00009000 08:01 2122573                    /usr/jdk1.8.0_131/jre/lib/ext/sunec.jar
7f8683ab3000-7f8683ab8000 r--s 0009a000 08:01 1452560                    /usr/jdk1.8.0_131/jre/lib/jsse.jar
7f8683ab8000-7f8683abd000 r--s 00040000 08:01 918777                     /home/navy/.m2/repository/com/jcraft/jsch/0.1.54/jsch-0.1.54.jar
7f8683abd000-7f8683ac5000 rw-s 00000000 08:01 402366                     /tmp/hsperfdata_navy/2261
7f8683ac5000-7f8683ac6000 rw-p 00000000 00:00 0 
7f8683ac6000-7f8683ac7000 r--p 00000000 00:00 0 
7f8683ac7000-7f8683ac9000 rw-p 00000000 00:00 0 
7f8683ac9000-7f8683aca000 r--p 00025000 08:01 271186                     /lib/x86_64-linux-gnu/ld-2.23.so
7f8683aca000-7f8683acb000 rw-p 00026000 08:01 271186                     /lib/x86_64-linux-gnu/ld-2.23.so
7f8683acb000-7f8683acc000 rw-p 00000000 00:00 0 
7ffe166fd000-7ffe1671e000 rw-p 00000000 00:00 0                          [stack]
7ffe1678f000-7ffe16791000 r--p 00000000 00:00 0                          [vvar]
7ffe16791000-7ffe16793000 r-xp 00000000 00:00 0                          [vdso]
ffffffffff600000-ffffffffff601000 r-xp 00000000 00:00 0                  [vsyscall]

VM Arguments:
jvm_args: -Dfile.encoding=UTF-8 
java_command: com.wj.jsch_demo1.Shell
java_class_path (initial): /home/navy/workspace/jsch-demo1/target/classes:/home/navy/.m2/repository/com/jcraft/jsch/0.1.54/jsch-0.1.54.jar
Launcher Type: SUN_STANDARD

Environment Variables:
JAVA_HOME=/usr/jdk1.8.0_131
JRE_HOME=/usr/jdk1.8.0_131/jre
CLASSPATH=.::/usr/jdk1.8.0_131/lib:/usr/jdk1.8.0_131/jre/lib
PATH=/home/navy/bin:/home/navy/.local/bin:/usr/local/sbin:/usr/local/bin:/usr/sbin:/usr/bin:/sbin:/bin:/usr/games:/usr/local/games:/snap/bin:/usr/jdk1.8.0_131/bin:/usr/jdk1.8.0_131/jre/bin
SHELL=/bin/bash
DISPLAY=:0

Signal Handlers:
SIGSEGV: [libjvm.so+0xac8af0], sa_mask[0]=11111111011111111101111111111110, sa_flags=SA_RESTART|SA_SIGINFO
SIGBUS: [libjvm.so+0xac8af0], sa_mask[0]=11111111011111111101111111111110, sa_flags=SA_RESTART|SA_SIGINFO
SIGFPE: [libjvm.so+0x921dd0], sa_mask[0]=11111111011111111101111111111110, sa_flags=SA_RESTART|SA_SIGINFO
SIGPIPE: [libjvm.so+0x921dd0], sa_mask[0]=11111111011111111101111111111110, sa_flags=SA_RESTART|SA_SIGINFO
SIGXFSZ: [libjvm.so+0x921dd0], sa_mask[0]=11111111011111111101111111111110, sa_flags=SA_RESTART|SA_SIGINFO
SIGILL: [libjvm.so+0x921dd0], sa_mask[0]=11111111011111111101111111111110, sa_flags=SA_RESTART|SA_SIGINFO
SIGUSR1: SIG_DFL, sa_mask[0]=00000000000000000000000000000000, sa_flags=none
SIGUSR2: [libjvm.so+0x923610], sa_mask[0]=00100000000000000000000000000000, sa_flags=SA_RESTART|SA_SIGINFO
SIGHUP: [libjvm.so+0x924a10], sa_mask[0]=11111111011111111101111111111110, sa_flags=SA_RESTART|SA_SIGINFO
SIGINT: [libjvm.so+0x924a10], sa_mask[0]=11111111011111111101111111111110, sa_flags=SA_RESTART|SA_SIGINFO
SIGTERM: [libjvm.so+0x924a10], sa_mask[0]=11111111011111111101111111111110, sa_flags=SA_RESTART|SA_SIGINFO
SIGQUIT: [libjvm.so+0x924a10], sa_mask[0]=11111111011111111101111111111110, sa_flags=SA_RESTART|SA_SIGINFO


---------------  S Y S T E M  ---------------

OS:DISTRIB_ID=Ubuntu
DISTRIB_RELEASE=16.04
DISTRIB_CODENAME=xenial
DISTRIB_DESCRIPTION="Ubuntu 16.04.2 LTS"

uname:Linux 4.8.0-46-generic #49~16.04.1-Ubuntu SMP Fri Mar 31 14:51:03 UTC 2017 x86_64
libc:glibc 2.23 NPTL 2.23 
rlimit: STACK 8192k, CORE 0k, NPROC 15638, NOFILE 65536, AS infinity
load average:0.33 0.19 0.17

/proc/meminfo:
MemTotal:        4045804 kB
MemFree:         1983256 kB
MemAvailable:    2553516 kB
Buffers:           46304 kB
Cached:           712668 kB
SwapCached:            0 kB
Active:          1557156 kB
Inactive:         372448 kB
Active(anon):    1171224 kB
Inactive(anon):     6948 kB
Active(file):     385932 kB
Inactive(file):   365500 kB
Unevictable:         104 kB
Mlocked:              20 kB
SwapTotal:       2095100 kB
SwapFree:        2095100 kB
Dirty:                36 kB
Writeback:             0 kB
AnonPages:       1160556 kB
Mapped:           160200 kB
Shmem:              7692 kB
Slab:              67536 kB
SReclaimable:      43892 kB
SUnreclaim:        23644 kB
KernelStack:        7216 kB
PageTables:        15600 kB
NFS_Unstable:          0 kB
Bounce:                0 kB
WritebackTmp:          0 kB
CommitLimit:     4118000 kB
Committed_AS:    2458956 kB
VmallocTotal:   34359738367 kB
VmallocUsed:           0 kB
VmallocChunk:          0 kB
HardwareCorrupted:     0 kB
AnonHugePages:    671744 kB
ShmemHugePages:        0 kB
ShmemPmdMapped:        0 kB
CmaTotal:              0 kB
CmaFree:               0 kB
HugePages_Total:       0
HugePages_Free:        0
HugePages_Rsvd:        0
HugePages_Surp:        0
Hugepagesize:       2048 kB
DirectMap4k:      108480 kB
DirectMap2M:     4085760 kB


CPU:total 4 (initial active 4) (4 cores per cpu, 1 threads per core) family 6 model 58 stepping 9, cmov, cx8, fxsr, mmx, sse, sse2, sse3, ssse3, sse4.1, sse4.2, popcnt, avx, aes, clmul, tsc, tscinvbit, tscinv

/proc/cpuinfo:
processor	: 0
vendor_id	: GenuineIntel
cpu family	: 6
model		: 58
model name	: Intel(R) Xeon(R) CPU E3-1230 V2 @ 3.30GHz
stepping	: 9
microcode	: 0x19
cpu MHz		: 3292.520
cache size	: 8192 KB
physical id	: 0
siblings	: 4
core id		: 0
cpu cores	: 4
apicid		: 0
initial apicid	: 0
fpu		: yes
fpu_exception	: yes
cpuid level	: 13
wp		: yes
flags		: fpu vme de pse tsc msr pae mce cx8 apic sep mtrr pge mca cmov pat pse36 clflush mmx fxsr sse sse2 ht syscall nx rdtscp lm constant_tsc rep_good nopl xtopology nonstop_tsc eagerfpu pni pclmulqdq ssse3 cx16 sse4_1 sse4_2 x2apic popcnt aes xsave avx rdrand hypervisor lahf_lm
bugs		:
bogomips	: 6585.04
clflush size	: 64
cache_alignment	: 64
address sizes	: 36 bits physical, 48 bits virtual
power management:

processor	: 1
vendor_id	: GenuineIntel
cpu family	: 6
model		: 58
model name	: Intel(R) Xeon(R) CPU E3-1230 V2 @ 3.30GHz
stepping	: 9
microcode	: 0x19
cpu MHz		: 3292.520
cache size	: 8192 KB
physical id	: 0
siblings	: 4
core id		: 1
cpu cores	: 4
apicid		: 1
initial apicid	: 1
fpu		: yes
fpu_exception	: yes
cpuid level	: 13
wp		: yes
flags		: fpu vme de pse tsc msr pae mce cx8 apic sep mtrr pge mca cmov pat pse36 clflush mmx fxsr sse sse2 ht syscall nx rdtscp lm constant_tsc rep_good nopl xtopology nonstop_tsc eagerfpu pni pclmulqdq ssse3 cx16 sse4_1 sse4_2 x2apic popcnt aes xsave avx rdrand hypervisor lahf_lm
bugs		:
bogomips	: 6585.04
clflush size	: 64
cache_alignment	: 64
address sizes	: 36 bits physical, 48 bits virtual
power management:

processor	: 2
vendor_id	: GenuineIntel
cpu family	: 6
model		: 58
model name	: Intel(R) Xeon(R) CPU E3-1230 V2 @ 3.30GHz
stepping	: 9
microcode	: 0x19
cpu MHz		: 3292.520
cache size	: 8192 KB
physical id	: 0
siblings	: 4
core id		: 2
cpu cores	: 4
apicid		: 2
initial apicid	: 2
fpu		: yes
fpu_exception	: yes
cpuid level	: 13
wp		: yes
flags		: fpu vme de pse tsc msr pae mce cx8 apic sep mtrr pge mca cmov pat pse36 clflush mmx fxsr sse sse2 ht syscall nx rdtscp lm constant_tsc rep_good nopl xtopology nonstop_tsc eagerfpu pni pclmulqdq ssse3 cx16 sse4_1 sse4_2 x2apic popcnt aes xsave avx rdrand hypervisor lahf_lm
bugs		:
bogomips	: 6585.04
clflush size	: 64
cache_alignment	: 64
address sizes	: 36 bits physical, 48 bits virtual
power management:

processor	: 3
vendor_id	: GenuineIntel
cpu family	: 6
model		: 58
model name	: Intel(R) Xeon(R) CPU E3-1230 V2 @ 3.30GHz
stepping	: 9
microcode	: 0x19
cpu MHz		: 3292.520
cache size	: 8192 KB
physical id	: 0
siblings	: 4
core id		: 3
cpu cores	: 4
apicid		: 3
initial apicid	: 3
fpu		: yes
fpu_exception	: yes
cpuid level	: 13
wp		: yes
flags		: fpu vme de pse tsc msr pae mce cx8 apic sep mtrr pge mca cmov pat pse36 clflush mmx fxsr sse sse2 ht syscall nx rdtscp lm constant_tsc rep_good nopl xtopology nonstop_tsc eagerfpu pni pclmulqdq ssse3 cx16 sse4_1 sse4_2 x2apic popcnt aes xsave avx rdrand hypervisor lahf_lm
bugs		:
bogomips	: 6585.04
clflush size	: 64
cache_alignment	: 64
address sizes	: 36 bits physical, 48 bits virtual
power management:



Memory: 4k page, physical 4045804k(1983256k free), swap 2095100k(2095100k free)

vm_info: Java HotSpot(TM) 64-Bit Server VM (25.131-b11) for linux-amd64 JRE (1.8.0_131-b11), built on Mar 15 2017 01:23:40 by "java_re" with gcc 4.3.0 20080428 (Red Hat 4.3.0-8)

time: Sat Apr 22 19:30:19 2017
elapsed time: 746 seconds (0d 0h 12m 26s)

